WARNING:root:2018-01-11 17:58:25.332034:/home/lau/.thunderbird/lmeq4387.default/ImapMail/imap-mail.outlook.com/&W1hoYw-b.msf:sh: W1hoYw-b.msf: 未找到命令
dd: 读取'/home/lau/.thunderbird/lmeq4387.default/ImapMail/imap-mail.outlook.com/' 时出错: 是一个目录
记录了0+0 的读入
记录了0+0 的写出
0 bytes copied, 7.1915e-05 s, 0.0 kB/s
WARNING:root:2018-01-11 17:58:27.584393:/home/lau/下载/$b.py:dd: 打开'/home/lau/下载/.py' 失败: 没有那个文件或目录
WARNING:root:2018-01-11 17:58:38.378769:/home/lau/下载/pycharm/plugins/textmate/lib/themes/All\ Hallow's\ Eve.tmTheme:
WARNING:root:2018-01-11 17:59:16.487443:/home/lau/.gnupg/S.gpg-agent:dd: 打开'/home/lau/.gnupg/S.gpg-agent' 失败: 没有那个设备或地址
WARNING:root:2018-01-11 17:59:55.997766:/home/lau/文档/Tencent\ Files/429095816/Audio/\)GP_BP[FH}`1BX\(0UF\(_{\)0.amr:
WARNING:root:2018-01-11 17:59:56.000415:/home/lau/文档/Tencent\ Files/429095816/Audio/V0N$$0Z`9[JMG2]YW\)SVW0Q.amr:
WARNING:root:2018-01-11 17:59:56.003504:/home/lau/文档/Tencent\ Files/429095816/Audio/X`%YMV1Q_GH3HGRFXJ$W6AC.amr:
WARNING:root:2018-01-11 17:59:56.012415:/home/lau/文档/Tencent\ Files/429095816/Audio/{`MM2P8WA~3J$ALV1YP\)CWS.amr:
WARNING:root:2018-01-11 17:59:56.020342:/home/lau/文档/Tencent\ Files/429095816/Audio/75`$7{U@J`HTG1FZO$A5`S7.amr:
WARNING:root:2018-01-11 17:59:56.023746:/home/lau/文档/Tencent\ Files/429095816/Audio/RQ]~_D2$UV4Y49V]B]ZBQHK.amr:dd: 打开'/home/lau/文档/Tencent Files/429095816/Audio/RQ]~_D2]B]ZBQHK.amr' 失败: 没有那个文件或目录
WARNING:root:2018-01-11 17:59:56.037451:/home/lau/文档/Tencent\ Files/429095816/Audio/6H{0`EV\(`@L57][7{}P~I7X.amr:sh: EV(: 未找到命令
dd: 打开'/home/lau/文档/Tencent Files/429095816/Audio/6H{0@L57][7{}P~I7X.amr' 失败: 没有那个文件或目录
WARNING:root:2018-01-11 17:59:56.052360:/home/lau/文档/Tencent\ Files/429095816/Audio/245MGF0$]$B91BY5RE@YA7R.amr:dd: 打开'/home/lau/文档/Tencent Files/429095816/Audio/245MGF0$]@YA7R.amr' 失败: 没有那个文件或目录
WARNING:root:2018-01-11 17:59:56.064062:/home/lau/文档/Tencent\ Files/429095816/Audio/8WV~\)A]RGX$@2S3F~8]2FJV.amr:dd: 打开'/home/lau/文档/Tencent Files/429095816/Audio/8WV~)A]RGX2S3F~8]2FJV.amr' 失败: 没有那个文件或目录
WARNING:root:2018-01-11 17:59:56.075370:/home/lau/文档/Tencent\ Files/429095816/Audio/W$UC{%{@[KBWZ$NG9%[U1XX.amr:dd: 打开'/home/lau/文档/Tencent Files/429095816/Audio/W{%{@[KBWZ%[U1XX.amr' 失败: 没有那个文件或目录
WARNING:root:2018-01-11 17:59:56.079053:/home/lau/文档/Tencent\ Files/429095816/Audio/G[M8ZXB`R7D\(\(9IP@$Z6\)VW.amr:
WARNING:root:2018-01-11 17:59:56.096291:/home/lau/文档/Tencent\ Files/429095816/Audio/_98WQ89OLY`T[S$RKU58PR7.amr:
WARNING:root:2018-01-11 17:59:56.108490:/home/lau/文档/Tencent\ Files/429095816/Audio/XNM$E]314VMY[Q82S{6J5E5.amr:dd: 打开'/home/lau/文档/Tencent Files/429095816/Audio/XNM]314VMY[Q82S{6J5E5.amr' 失败: 没有那个文件或目录
WARNING:root:2018-01-11 17:59:56.115433:/home/lau/文档/Tencent\ Files/429095816/Audio/R]Z}@FXF22ICR`A`I\)~T@3Y.amr:sh: A: 未找到命令
dd: 打开'/home/lau/文档/Tencent Files/429095816/Audio/R]Z}@FXF22ICRI)~T@3Y.amr' 失败: 没有那个文件或目录
WARNING:root:2018-01-11 17:59:56.119900:/home/lau/文档/Tencent\ Files/429095816/Audio/DTE\(LVUI3$[D@SCN1`5XL}3.amr:
WARNING:root:2018-01-11 17:59:56.123149:/home/lau/文档/Tencent\ Files/429095816/Audio/5GA0ROF~UDPYE[6A`S20R_J.amr:
WARNING:root:2018-01-11 17:59:56.127649:/home/lau/文档/Tencent\ Files/429095816/Audio/RMBU`E$@`SH[AKHP8%Y~KT1.amr:sh: E: 未找到命令
dd: 打开'/home/lau/文档/Tencent Files/429095816/Audio/RMBUSH[AKHP8%Y~KT1.amr' 失败: 没有那个文件或目录
WARNING:root:2018-01-11 17:59:56.143052:/home/lau/文档/Tencent\ Files/429095816/Audio/W9JFHXIGU{FSVPE3\({$EVFH.amr:dd: 打开'/home/lau/文档/Tencent Files/429095816/Audio/W9JFHXIGU{FSVPE3({.amr' 失败: 没有那个文件或目录
WARNING:root:2018-01-11 17:59:56.151318:/home/lau/文档/Tencent\ Files/429095816/Audio/96G\)BSG~ZSMXK[\(\)]~}R`R8.amr:
WARNING:root:2018-01-11 17:59:56.158986:/home/lau/文档/Tencent\ Files/429095816/Audio/$SW2CV7L9KF$PGCLGYH[{14.amr:dd: 打开'/home/lau/文档/Tencent Files/429095816/Audio/[{14.amr' 失败: 没有那个文件或目录
WARNING:root:2018-01-11 17:59:56.160712:/home/lau/文档/Tencent\ Files/429095816/Audio/64EE`_S`OBHQ3}NBP8JP`$I.amr:
WARNING:root:2018-01-11 17:59:56.383193:/home/lau/文档/Tencent\ Files/429095816/Image/C2C/\(\)AWYA%SHIE`%\)PIXLX9][9.png:
WARNING:root:2018-01-11 17:59:56.457116:/home/lau/文档/Tencent\ Files/429095816/Image/C2C/23DO%`L@XRM[\(6]1Z_\)FPHA.jpg:
WARNING:root:2018-01-11 17:59:56.489533:/home/lau/文档/Tencent\ Files/429095816/Image/C2C/{OW`]U3545~IP9B7WL@9AU5.png:
WARNING:root:2018-01-11 17:59:56.491287:/home/lau/文档/Tencent\ Files/429095816/Image/C2C/U3`1_NWBT_@~SXQDA]C016A.jpg:
WARNING:root:2018-01-11 17:59:56.501612:/home/lau/文档/Tencent\ Files/429095816/Image/C2C/ZO737R${`Y}U9M3C5\)4CMKR.png:
WARNING:root:2018-01-11 17:59:56.521807:/home/lau/文档/Tencent\ Files/429095816/Image/C2C/$\)7_3R8F[9`Q%QA9V[L{B\(3.jpg:
WARNING:root:2018-01-11 17:59:56.530973:/home/lau/文档/Tencent\ Files/429095816/Image/Group/CCYXAZ]D}$}SU{8OT~Q`WKD.gif:
WARNING:root:2018-01-11 17:59:56.537780:/home/lau/文档/Tencent\ Files/429095816/Image/Group/{YWC9FVUI9\(VBH$_W7\(3QBT.jpg:dd: 打开'/home/lau/文档/Tencent Files/429095816/Image/Group/{YWC9FVUI9(VBH(3QBT.jpg' 失败: 没有那个文件或目录
WARNING:root:2018-01-11 17:59:56.542142:/home/lau/文档/Tencent\ Files/429095816/Image/Group/~TJ$02E\(_JP$EAI]R7Q_XBN.png:dd: 打开'/home/lau/文档/Tencent Files/429095816/Image/Group/~TJsh2E(_JP]R7Q_XBN.png' 失败: 没有那个文件或目录
WARNING:root:2018-01-11 17:59:56.544323:/home/lau/文档/Tencent\ Files/429095816/Image/Group/\(2CP`EBNE_3GB4{EEFR46UI.png:
WARNING:root:2018-01-11 17:59:56.549379:/home/lau/文档/Tencent\ Files/429095816/Image/Group/6S$T25$V8E833{`~2F@6{JV.jpg:
WARNING:root:2018-01-11 17:59:56.551124:/home/lau/文档/Tencent\ Files/429095816/Image/Group/CXYI${{E%TK8A8@9\(UCQW7T.png:
WARNING:root:2018-01-11 17:59:56.555811:/home/lau/文档/Tencent\ Files/429095816/Image/Group/SBFNFQF93\(%G~_IEI[WE`8E.png:
WARNING:root:2018-01-11 17:59:56.560554:/home/lau/文档/Tencent\ Files/429095816/Image/Group/L@\)X$@\)Z`4NNXQB5IN_@@[6.png:
WARNING:root:2018-01-11 17:59:56.572380:/home/lau/文档/Tencent\ Files/429095816/Image/Group/60EUWQ21$8Y0FG6370QSF{H.jpg:dd: 打开'/home/lau/文档/Tencent Files/429095816/Image/Group/60EUWQ21Y0FG6370QSF{H.jpg' 失败: 没有那个文件或目录
WARNING:root:2018-01-11 17:59:56.577481:/home/lau/文档/Tencent\ Files/429095816/Image/Group/~6RX4B@4\)_Q0AU$`}814[14.png:
WARNING:root:2018-01-11 17:59:56.581302:/home/lau/文档/Tencent\ Files/429095816/Image/Group/M]SL3SO77GVE2$@GEPEN6%B.jpg:dd: 打开'/home/lau/文档/Tencent Files/429095816/Image/Group/M]SL3SO77GVE2GEPEN6%B.jpg' 失败: 没有那个文件或目录
WARNING:root:2018-01-11 17:59:56.590192:/home/lau/文档/Tencent\ Files/429095816/Image/Group/B~3$Z6TJ`]~B3NRP7XQFXYM.jpg:
WARNING:root:2018-01-11 17:59:56.594548:/home/lau/文档/Tencent\ Files/429095816/Image/Group/Q9I\)$_[{L3N~BDRMO@8HXMP.png:dd: 打开'/home/lau/文档/Tencent Files/429095816/Image/Group/Q9I)/home/lau/下载/pycharm/jre64/bin/java[{L3N~BDRMO@8HXMP.png' 失败: 没有那个文件或目录
WARNING:root:2018-01-11 17:59:56.597917:/home/lau/文档/Tencent\ Files/429095816/Image/Group/~ZHR9[]G@$L}Z$$%9M63`9T.png:
WARNING:root:2018-01-11 17:59:56.609524:/home/lau/文档/Tencent\ Files/429095816/Image/Group/WPLXT013{B5KZH`@W91O$8M.png:
WARNING:root:2018-01-11 17:59:56.621615:/home/lau/文档/Tencent\ Files/429095816/Image/Group/XYUO2A[{~6OT8$[V3R@W@9W.jpg:
WARNING:root:2018-01-11 17:59:56.624976:/home/lau/文档/Tencent\ Files/429095816/Image/Group/W1A~RI2O454QMPP$MOT51MN.png:dd: 打开'/home/lau/文档/Tencent Files/429095816/Image/Group/W1A~RI2O454QMPP.png' 失败: 没有那个文件或目录
WARNING:root:2018-01-11 17:59:56.627081:/home/lau/文档/Tencent\ Files/429095816/Image/Group/]RT$UGU~R7E1@LJ]FSV0`NE.jpg:
WARNING:root:2018-01-11 17:59:56.630465:/home/lau/文档/Tencent\ Files/429095816/Image/Group/11{\(TA`\)}BW~B39\(%Y9`[YN.jpg:sh: )}BW~B39(%Y9: 未找到命令
dd: 打开'/home/lau/文档/Tencent Files/429095816/Image/Group/11{(TA[YN.jpg' 失败: 没有那个文件或目录
WARNING:root:2018-01-11 17:59:56.633857:/home/lau/文档/Tencent\ Files/429095816/Image/Group/HF_QU@W5JNB$DZ$$UMBYK_5.png:dd: 打开'/home/lau/文档/Tencent Files/429095816/Image/Group/HF_QU@W5JNB29113UMBYK_5.png' 失败: 没有那个文件或目录
WARNING:root:2018-01-11 17:59:56.636179:/home/lau/文档/Tencent\ Files/429095816/Image/Group/ZQQWLW7XD9BRW{0Y{8E4`WH.jpg:
WARNING:root:2018-01-11 17:59:56.640372:/home/lau/文档/Tencent\ Files/429095816/Image/Group/%T9DL`AOQBT`%~OBMG\)9ITJ.png:sh: AOQBT: 未找到命令
dd: 打开'/home/lau/文档/Tencent Files/429095816/Image/Group/%T9DL%~OBMG)9ITJ.png' 失败: 没有那个文件或目录
WARNING:root:2018-01-11 17:59:56.648835:/home/lau/文档/Tencent\ Files/429095816/Image/Group/9`A4AX2X0PUKR_N{5PIVGNF.png:
WARNING:root:2018-01-11 17:59:56.651141:/home/lau/文档/Tencent\ Files/429095816/Image/Group/{08GJ9@]0]R[{$ZA3SX1V22.png:dd: 打开'/home/lau/文档/Tencent Files/429095816/Image/Group/{08GJ9@]0]R[{.png' 失败: 没有那个文件或目录
WARNING:root:2018-01-11 17:59:56.653502:/home/lau/文档/Tencent\ Files/429095816/Image/Group/D7$VH3Q\)8J~0%[LVVZ3H\(KK.jpg:dd: 打开'/home/lau/文档/Tencent Files/429095816/Image/Group/D7)8J~0%[LVVZ3H(KK.jpg' 失败: 没有那个文件或目录
WARNING:root:2018-01-11 17:59:56.656816:/home/lau/文档/Tencent\ Files/429095816/Image/Group/S6TJF$O[78T3H_W_RJUU5UQ.png:dd: 打开'/home/lau/文档/Tencent Files/429095816/Image/Group/S6TJF[78T3H_W_RJUU5UQ.png' 失败: 没有那个文件或目录
WARNING:root:2018-01-11 17:59:56.663709:/home/lau/文档/Tencent\ Files/429095816/Image/Group/`]`8NR~\)P%V`UKQ@A`6Y2AB.jpg:sh: ]: 未找到命令
sh: UKQ@A: 未找到命令
dd: 打开'/home/lau/文档/Tencent Files/429095816/Image/Group/8NR~)P%V6Y2AB.jpg' 失败: 没有那个文件或目录
WARNING:root:2018-01-11 17:59:56.665661:/home/lau/文档/Tencent\ Files/429095816/Image/Group/$~OKAL[PO26SXW`%70}153Y.png:
WARNING:root:2018-01-11 17:59:56.668359:/home/lau/文档/Tencent\ Files/429095816/Image/Group/82I44J{BHORD@41W0TT$B34.jpg:dd: 打开'/home/lau/文档/Tencent Files/429095816/Image/Group/82I44J{BHORD@41W0TT.jpg' 失败: 没有那个文件或目录
WARNING:root:2018-01-11 17:59:56.675049:/home/lau/文档/Tencent\ Files/429095816/Image/Group/}}8H430O3JB2L9Z8JRR26$H.png:dd: 打开'/home/lau/文档/Tencent Files/429095816/Image/Group/}}8H430O3JB2L9Z8JRR26.png' 失败: 没有那个文件或目录
WARNING:root:2018-01-11 17:59:56.685433:/home/lau/文档/Tencent\ Files/429095816/Image/Group/18NJBAXFB90\)D$95YA_DNFW.png:dd: 打开'/home/lau/文档/Tencent Files/429095816/Image/Group/18NJBAXFB90)D5YA_DNFW.png' 失败: 没有那个文件或目录
WARNING:root:2018-01-11 17:59:56.687131:/home/lau/文档/Tencent\ Files/429095816/Image/Group/TVP[8CY]Z`5D%WO1R]ZS[IT.jpg:
WARNING:root:2018-01-11 17:59:56.689513:/home/lau/文档/Tencent\ Files/429095816/Image/Group/6@UW6_$WN[MNNUNLCQ467$7.png:dd: 打开'/home/lau/文档/Tencent Files/429095816/Image/Group/6@UW6_[MNNUNLCQ467.png' 失败: 没有那个文件或目录
WARNING:root:2018-01-11 17:59:56.691222:/home/lau/文档/Tencent\ Files/429095816/Image/Group/A1X6L%]4]7T@H50RPPEB%`7.png:
WARNING:root:2018-01-11 17:59:56.692919:/home/lau/文档/Tencent\ Files/429095816/Image/Group/`8146R7LS9[9{Z3328I1YY2.png:
WARNING:root:2018-01-11 17:59:56.696997:/home/lau/文档/Tencent\ Files/429095816/Image/Group/[\)[R[5UV[[BL%TP$MA$1A`O.png:
WARNING:root:2018-01-11 17:59:56.714909:/home/lau/文档/Tencent\ Files/429095816/Image/Group/TCXT{W{%$5}ORZ\(5]{1B\(C7.jpg:dd: 打开'/home/lau/文档/Tencent Files/429095816/Image/Group/TCXT{W{%}ORZ(5]{1B(C7.jpg' 失败: 没有那个文件或目录
WARNING:root:2018-01-11 17:59:56.718217:/home/lau/文档/Tencent\ Files/429095816/Image/Group/U`1H3X0OTRTSN`[_F@O\)$0W.png:sh: 1H3X0OTRTSN: 未找到命令
dd: 打开'/home/lau/文档/Tencent Files/429095816/Image/Group/U[_F@O)shW.png' 失败: 没有那个文件或目录
WARNING:root:2018-01-11 17:59:56.721587:/home/lau/文档/Tencent\ Files/429095816/Image/Group/\)6JOI`5O%74]PAYBTL`B%%N.png:sh: 5O%74]PAYBTL: 未找到命令
dd: 打开'/home/lau/文档/Tencent Files/429095816/Image/Group/)6JOIB%%N.png' 失败: 没有那个文件或目录
WARNING:root:2018-01-11 17:59:56.723530:/home/lau/文档/Tencent\ Files/429095816/Image/Group/X$6A9BVRFNCL]M`GHUCOM\)7.jpg:
WARNING:root:2018-01-11 17:59:56.733596:/home/lau/文档/Tencent\ Files/429095816/Image/Group/AMV@~~BOR`HGLLOPN$[F29O.png:
WARNING:root:2018-01-11 17:59:56.737984:/home/lau/文档/Tencent\ Files/429095816/Image/Group/`MJP{U$\(\)\)P8@OF~LUJ`4BL.png:sh: MJP{U$())P8@OF~LUJ: 未找到命令
dd: 打开'/home/lau/文档/Tencent Files/429095816/Image/Group/4BL.png' 失败: 没有那个文件或目录
WARNING:root:2018-01-11 17:59:56.740972:/home/lau/文档/Tencent\ Files/429095816/Image/Group/O5]_]BEC}A\)`CF01M$33ENF.jpg:
WARNING:root:2018-01-11 17:59:56.748599:/home/lau/文档/Tencent\ Files/429095816/Image/Group/YJYO@{6G$TQ%%RQ2]R8@SUI.png:dd: 打开'/home/lau/文档/Tencent Files/429095816/Image/Group/YJYO@{6G%%RQ2]R8@SUI.png' 失败: 没有那个文件或目录
WARNING:root:2018-01-11 17:59:56.750905:/home/lau/文档/Tencent\ Files/429095816/Image/Group/_G`%AASXLLQ[DW634RRA7VE.png:
WARNING:root:2018-01-11 17:59:56.753608:/home/lau/文档/Tencent\ Files/429095816/Image/Group/G~5{A@W$F1]MC3$AATQ7\(HO.png:dd: 打开'/home/lau/文档/Tencent Files/429095816/Image/Group/G~5{A@W]MC3(HO.png' 失败: 没有那个文件或目录
WARNING:root:2018-01-11 17:59:56.756007:/home/lau/文档/Tencent\ Files/429095816/Image/Group/4{`ZUO_VPQXE7RJSIZQ3REY.png:
WARNING:root:2018-01-11 17:59:56.764788:/home/lau/文档/Tencent\ Files/429095816/Image/Group/\(1$1I_]KBDPYU689DN~PCY6.png:dd: 打开'/home/lau/文档/Tencent Files/429095816/Image/Group/(1I_]KBDPYU689DN~PCY6.png' 失败: 没有那个文件或目录
WARNING:root:2018-01-11 17:59:56.770078:/home/lau/文档/Tencent\ Files/429095816/Image/Group/F_$R{FVG%@@5R}TJND8E[B7.png:dd: 打开'/home/lau/文档/Tencent Files/429095816/Image/Group/F_{FVG%@@5R}TJND8E[B7.png' 失败: 没有那个文件或目录
WARNING:root:2018-01-11 17:59:56.792440:/home/lau/文档/Tencent\ Files/429095816/Image/Group/_}N\(3FN_TZ6M$56_4BW%2JO.jpg:dd: 打开'/home/lau/文档/Tencent Files/429095816/Image/Group/_}N(3FN_TZ6M6_4BW%2JO.jpg' 失败: 没有那个文件或目录
WARNING:root:2018-01-11 17:59:56.796455:/home/lau/文档/Tencent\ Files/429095816/Image/Group/]_LIV98`0O5Z`@`\(@GN84F9.png:
WARNING:root:2018-01-11 17:59:56.799708:/home/lau/文档/Tencent\ Files/429095816/Image/Group/]_`GW_0RN_@HZ%{OAHC559B.jpg:
WARNING:root:2018-01-11 17:59:56.809388:/home/lau/文档/Tencent\ Files/429095816/Image/Group/W84_W8BC[DFCZG1U`6H6F19.png:
WARNING:root:2018-01-11 17:59:56.812341:/home/lau/文档/Tencent\ Files/429095816/Image/Group/GO`1{SW$SID3UTQGQ[PEQ}I.jpg:
WARNING:root:2018-01-11 17:59:56.814956:/home/lau/文档/Tencent\ Files/429095816/Image/Group/WZ4ZIMK1CQSHZJSOC8AZ4`O.png:
WARNING:root:2018-01-11 17:59:56.819369:/home/lau/文档/Tencent\ Files/429095816/Image/Group/\)D895$N~]C\(D@L2ZMJX0BEC.jpg:dd: 打开'/home/lau/文档/Tencent Files/429095816/Image/Group/)D895~]C(D@L2ZMJX0BEC.jpg' 失败: 没有那个文件或目录
WARNING:root:2018-01-11 17:59:56.838608:/home/lau/文档/Tencent\ Files/429095816/Image/Group/C\(O4JAC5EOS7GS9$8@FJ[SP.jpg:dd: 打开'/home/lau/文档/Tencent Files/429095816/Image/Group/C(O4JAC5EOS7GS9@FJ[SP.jpg' 失败: 没有那个文件或目录
WARNING:root:2018-01-11 17:59:56.844870:/home/lau/文档/Tencent\ Files/429095816/Image/Group/{QM\)CUYH66ULS3%6`OE}9$P_q.png:
WARNING:root:2018-01-11 17:59:56.851368:/home/lau/文档/Tencent\ Files/429095816/Image/Group/4}48~D`H~@78D$ROUFVA\(9F.gif:
WARNING:root:2018-01-11 17:59:56.857219:/home/lau/文档/Tencent\ Files/429095816/Image/Group/CW8Y57H`H`C89GW_VNL@\)D5.jpg:sh: H: 未找到命令
dd: 打开'/home/lau/文档/Tencent Files/429095816/Image/Group/CW8Y57HC89GW_VNL@)D5.jpg' 失败: 没有那个文件或目录
WARNING:root:2018-01-11 17:59:56.861060:/home/lau/文档/Tencent\ Files/429095816/Image/Group/~DMFO]FE_PO6U%_4C[Q3`UI.jpg:
WARNING:root:2018-01-11 17:59:56.880131:/home/lau/文档/Tencent\ Files/429095816/Image/Group/`RR7\(V2WJN}I\(5\)4}OWFXCU.gif:
WARNING:root:2018-01-11 17:59:56.884948:/home/lau/文档/Tencent\ Files/429095816/Image/Group/C4~]8}$0PQ%K$Q$ZM%FMXXM.png:dd: 打开'/home/lau/文档/Tencent Files/429095816/Image/Group/C4~]8}shPQ%K%FMXXM.png' 失败: 没有那个文件或目录
WARNING:root:2018-01-11 17:59:56.897499:/home/lau/文档/Tencent\ Files/429095816/Image/Group/Q`AX~`5V]D4UOOX74_FJI\(2.jpg:sh: AX~: 未找到命令
dd: 打开'/home/lau/文档/Tencent Files/429095816/Image/Group/Q5V]D4UOOX74_FJI(2.jpg' 失败: 没有那个文件或目录
WARNING:root:2018-01-11 17:59:56.902018:/home/lau/文档/Tencent\ Files/429095816/Image/Group/I84QVXECOZP~7{~58$[VX_3.png:
WARNING:root:2018-01-11 17:59:56.905425:/home/lau/文档/Tencent\ Files/429095816/Image/Group/UICK~BQOBPSRD`8%Z}B]HU6.png:
WARNING:root:2018-01-11 17:59:56.909479:/home/lau/文档/Tencent\ Files/429095816/Image/Group/}US}}}FDR{IJ73]AJZIZ{`6.gif:
WARNING:root:2018-01-11 17:59:56.914317:/home/lau/文档/Tencent\ Files/429095816/Image/Group/QD$@VLF{RY_P6B{F_6\)FMZU.png:dd: 打开'/home/lau/文档/Tencent Files/429095816/Image/Group/QDVLF{RY_P6B{F_6)FMZU.png' 失败: 没有那个文件或目录
WARNING:root:2018-01-11 17:59:56.918106:/home/lau/文档/Tencent\ Files/429095816/Image/Group/S$FGAGBHE82`A6[7N8JIS@4.gif:
WARNING:root:2018-01-11 17:59:56.921509:/home/lau/文档/Tencent\ Files/429095816/Image/Group/I`}BJE1S{QV624YRC1130R1.png:
WARNING:root:2018-01-11 17:59:56.947971:/home/lau/文档/Tencent\ Files/429095816/Image/Group/4\(6\(KB@LD\)7]`LNTAA[~}`6.jpg:sh: command substitution: 行 0: 寻找匹配的 `]' 是遇到了未预期的文件结束符
sh: command substitution: 行 1: 语法错误: 未预期的文件结尾
dd: 打开'/home/lau/文档/Tencent Files/429095816/Image/Group/4(6(KB@LD)7]6.jpg' 失败: 没有那个文件或目录
WARNING:root:2018-01-11 17:59:56.950858:/home/lau/文档/Tencent\ Files/429095816/Image/Group/`ADN1TK@0GSPZJ1GOIDCSCQ.png:
WARNING:root:2018-01-11 17:59:56.954709:/home/lau/文档/Tencent\ Files/429095816/Image/Group/``%W\(6[VKXBI6KH4O[J8HZ4.png:dd: 打开'/home/lau/文档/Tencent Files/429095816/Image/Group/%W(6[VKXBI6KH4O[J8HZ4.png' 失败: 没有那个文件或目录
WARNING:root:2018-01-11 17:59:56.958323:/home/lau/文档/Tencent\ Files/429095816/Image/Group/6Q`FXD34J_2ALFUX8O]~K%P.jpg:
WARNING:root:2018-01-11 17:59:56.968078:/home/lau/文档/Tencent\ Files/429095816/Image/Group/MY{XD{8JLOEU%$IQ3@@2JPR.png:dd: 打开'/home/lau/文档/Tencent Files/429095816/Image/Group/MY{XD{8JLOEU%@@2JPR.png' 失败: 没有那个文件或目录
WARNING:root:2018-01-11 17:59:56.972473:/home/lau/文档/Tencent\ Files/429095816/Image/Group/``VAYR_PA_8PRKZUB$7RVYU.png:dd: 打开'/home/lau/文档/Tencent Files/429095816/Image/Group/VAYR_PA_8PRKZUBRVYU.png' 失败: 没有那个文件或目录
WARNING:root:2018-01-11 17:59:56.987150:/home/lau/文档/Tencent\ Files/429095816/Image/Group/L`~_$7MY_8MRNZ0VT$%E2UH.jpg:
WARNING:root:2018-01-11 17:59:56.993493:/home/lau/文档/Tencent\ Files/429095816/Image/Group/OS8OJ@\)~Q]@YB8$6[Q@AV4K.png:dd: 打开'/home/lau/文档/Tencent Files/429095816/Image/Group/OS8OJ@)~Q]@YB8[Q@AV4K.png' 失败: 没有那个文件或目录
WARNING:root:2018-01-11 17:59:57.002725:/home/lau/文档/Tencent\ Files/429095816/Image/Group/0R}VPW`E\(3%Q_\(Z5{\(_[[XU.jpg:
WARNING:root:2018-01-11 17:59:57.005551:/home/lau/文档/Tencent\ Files/429095816/Image/Group/6QAME`WZ4U0}@5@K3SVDTPL.jpg:
WARNING:root:2018-01-11 17:59:57.009855:/home/lau/文档/Tencent\ Files/429095816/Image/Group/GPPB\(2`EW]X\)2IT_\)RFA$`G.png:sh: EW]X)2IT_)RFA$: 未找到命令
dd: 打开'/home/lau/文档/Tencent Files/429095816/Image/Group/GPPB(2G.png' 失败: 没有那个文件或目录
WARNING:root:2018-01-11 17:59:57.012677:/home/lau/文档/Tencent\ Files/429095816/Image/Group/@T[O6[{3`3X7100@Z1DG\)53.jpg:
WARNING:root:2018-01-11 17:59:57.015521:/home/lau/文档/Tencent\ Files/429095816/Image/Group/]4PI%CWU5RN}U0R6HR\(E`6L.png:
WARNING:root:2018-01-11 17:59:57.025466:/home/lau/文档/Tencent\ Files/429095816/Image/Group/VMWP60V}A\)5QZ@IZ235I$@6.png:dd: 打开'/home/lau/文档/Tencent Files/429095816/Image/Group/VMWP60V}A)5QZ@IZ235I6.png' 失败: 没有那个文件或目录
WARNING:root:2018-01-11 17:59:57.032092:/home/lau/文档/Tencent\ Files/429095816/Image/Group/_$$M[~7T\(`6$\(P4HJKK7RFV.png:
WARNING:root:2018-01-11 17:59:57.034862:/home/lau/文档/Tencent\ Files/429095816/Image/Group/4B26BGXC$YN`WSZ{FRSVWJH.png:
WARNING:root:2018-01-11 17:59:57.038784:/home/lau/文档/Tencent\ Files/429095816/Image/Group/]BGYKM7DE60$CT4{}Q{B18F.jpg:dd: 打开'/home/lau/文档/Tencent Files/429095816/Image/Group/]BGYKM7DE60{}Q{B18F.jpg' 失败: 没有那个文件或目录
WARNING:root:2018-01-11 17:59:57.051492:/home/lau/文档/Tencent\ Files/429095816/Image/Group/ZYN85Y2`\(5OSRR9ZN97GIKN.jpg:
WARNING:root:2018-01-11 17:59:57.058333:/home/lau/文档/Tencent\ Files/429095816/Image/Group/4NOFA3J_A@SSF3NA$$%8{L7.png:dd: 打开'/home/lau/文档/Tencent Files/429095816/Image/Group/4NOFA3J_A@SSF3NA29328%8{L7.png' 失败: 没有那个文件或目录
WARNING:root:2018-01-11 17:59:57.064054:/home/lau/文档/Tencent\ Files/429095816/Image/Group/}FC8I`~W\(QW`0JECP9STY3D.jpg:sh: ~W(QW: 未找到命令
dd: 打开'/home/lau/文档/Tencent Files/429095816/Image/Group/}FC8I0JECP9STY3D.jpg' 失败: 没有那个文件或目录
WARNING:root:2018-01-11 17:59:57.071877:/home/lau/文档/Tencent\ Files/429095816/Image/Group/NM]EG`22BWXA[LCI]RTE33P.png:
WARNING:root:2018-01-11 17:59:57.075004:/home/lau/文档/Tencent\ Files/429095816/Image/Group/1X2[\(OK\(~KMZOCU6CR`YL_9.jpg:
WARNING:root:2018-01-11 17:59:57.078499:/home/lau/文档/Tencent\ Files/429095816/Image/Group/GKR{VNWY`Z9SDE1WB6P[SWL.png:
WARNING:root:2018-01-11 17:59:57.083498:/home/lau/文档/Tencent\ Files/429095816/Image/Group/J$E@YI@QJQU89~\(]PHEQU[S.jpg:dd: 打开'/home/lau/文档/Tencent Files/429095816/Image/Group/J@YI@QJQU89~(]PHEQU[S.jpg' 失败: 没有那个文件或目录
WARNING:root:2018-01-11 17:59:57.093312:/home/lau/文档/Tencent\ Files/429095816/Image/Group/\)F9$KN7I9_$ZNBJ[U7\)OX5S.jpg:dd: 打开'/home/lau/文档/Tencent Files/429095816/Image/Group/)F9[U7)OX5S.jpg' 失败: 没有那个文件或目录
WARNING:root:2018-01-11 17:59:57.097102:/home/lau/文档/Tencent\ Files/429095816/Image/Group/1P`7\(~GCB8GIVZ]E9DK@QLR.gif:
WARNING:root:2018-01-11 17:59:57.108529:/home/lau/文档/Tencent\ Files/429095816/Image/Group/$Z$JIREM_OXN%@5N_BD]TZ8.jpg:dd: 打开'/home/lau/文档/Tencent Files/429095816/Image/Group/%@5N_BD]TZ8.jpg' 失败: 没有那个文件或目录
WARNING:root:2018-01-11 17:59:57.121345:/home/lau/文档/Tencent\ Files/429095816/Image/Group/`~XD7YW`[$4\(KU]P0TKOIT6.jpg:sh: ~XD7YW: 未找到命令
dd: 打开'/home/lau/文档/Tencent Files/429095816/Image/Group/[(KU]P0TKOIT6.jpg' 失败: 没有那个文件或目录
WARNING:root:2018-01-11 17:59:57.129108:/home/lau/文档/Tencent\ Files/429095816/Image/Group/DV\(K3IM`%WMC1RN8L0A5R\)2.png:
WARNING:root:2018-01-11 17:59:57.137404:/home/lau/文档/Tencent\ Files/429095816/Image/Group/$K4@$7A9X@R1C]7595R\(D5W.jpg:dd: 打开'/home/lau/文档/Tencent Files/429095816/Image/Group/@A9X@R1C]7595R(D5W.jpg' 失败: 没有那个文件或目录
WARNING:root:2018-01-11 17:59:57.147716:/home/lau/文档/Tencent\ Files/429095816/Image/Group/RMXF{ZGFF%{87NUQ7`G`4U0.png:sh: G: 未找到命令
dd: 打开'/home/lau/文档/Tencent Files/429095816/Image/Group/RMXF{ZGFF%{87NUQ74U0.png' 失败: 没有那个文件或目录
WARNING:root:2018-01-11 17:59:57.150459:/home/lau/文档/Tencent\ Files/429095816/Image/Group/BJ}O$FLMMX62\(K%1%4P]GAA.png:dd: 打开'/home/lau/文档/Tencent Files/429095816/Image/Group/BJ}O(K%1%4P]GAA.png' 失败: 没有那个文件或目录
WARNING:root:2018-01-11 17:59:57.156435:/home/lau/文档/Tencent\ Files/429095816/Image/Group/5SBAUON%EF`KI20\(Y_67QQS.jpg:
WARNING:root:2018-01-11 17:59:57.161387:/home/lau/文档/Tencent\ Files/429095816/Image/Group/`3I$NSLPUV%{WJ9EQPCKK8S.png:
WARNING:root:2018-01-11 17:59:57.168923:/home/lau/文档/Tencent\ Files/429095816/Image/Group/{{XOI`875NAI1\(C1B35BOTC.png:
WARNING:root:2018-01-11 17:59:57.179394:/home/lau/文档/Tencent\ Files/429095816/Image/Group/ZE$2J2]P`_C4RS76397}50F.png:
WARNING:root:2018-01-11 17:59:57.196596:/home/lau/文档/Tencent\ Files/429095816/Image/Group/SM`E8L_NL6UUI@GQ92_\)C[4.gif:
WARNING:root:2018-01-11 17:59:57.198707:/home/lau/文档/Tencent\ Files/429095816/Image/Group/`HBO7XL5FC0_447RSG@H~SO.jpg:
WARNING:root:2018-01-11 17:59:57.200345:/home/lau/文档/Tencent\ Files/429095816/Image/Group/W`_2FW]]8MS8@N8[YHO3P~F.gif:
WARNING:root:2018-01-11 17:59:57.201970:/home/lau/文档/Tencent\ Files/429095816/Image/Group/8}@8OE3]}}LV\)R`UFO6JF3L.png:
WARNING:root:2018-01-11 17:59:57.210306:/home/lau/文档/Tencent\ Files/429095816/Image/Group/9[Z$MI$GY7X6WE$M1V_F2A5.png:dd: 打开'/home/lau/文档/Tencent Files/429095816/Image/Group/9[Z.png' 失败: 没有那个文件或目录
WARNING:root:2018-01-11 17:59:57.213745:/home/lau/文档/Tencent\ Files/429095816/Image/Group/B8\)CNMSYL{D_\(J%LF3$5QHN.jpg:dd: 打开'/home/lau/文档/Tencent Files/429095816/Image/Group/B8)CNMSYL{D_(J%LF3QHN.jpg' 失败: 没有那个文件或目录
WARNING:root:2018-01-11 17:59:57.222504:/home/lau/文档/Tencent\ Files/429095816/Image/Group/$$%{[~67P\)SA{STZP6WU]34.gif:dd: 打开'/home/lau/文档/Tencent Files/429095816/Image/Group/29415%{[~67P)SA{STZP6WU]34.gif' 失败: 没有那个文件或目录
WARNING:root:2018-01-11 17:59:57.236987:/home/lau/文档/Tencent\ Files/429095816/Image/Group/%AB4U\)UTT~C$OVR7~`M@Z%X.jpg:
WARNING:root:2018-01-11 17:59:57.238730:/home/lau/文档/Tencent\ Files/429095816/Image/Group/R`$C\)@9%GOTH_VO5@{OW}29.png:
WARNING:root:2018-01-11 17:59:57.241247:/home/lau/文档/Tencent\ Files/429095816/Image/Group/OSWNDZPAM{DJVE0S$5DO2N0.jpg:dd: 打开'/home/lau/文档/Tencent Files/429095816/Image/Group/OSWNDZPAM{DJVE0SDO2N0.jpg' 失败: 没有那个文件或目录
WARNING:root:2018-01-11 17:59:57.244115:/home/lau/文档/Tencent\ Files/429095816/Image/Group/GZXEY5}\)K[S3XZ0YV\)[$5U1.png:dd: 打开'/home/lau/文档/Tencent Files/429095816/Image/Group/GZXEY5})K[S3XZ0YV)[U1.png' 失败: 没有那个文件或目录
WARNING:root:2018-01-11 17:59:57.254304:/home/lau/文档/Tencent\ Files/429095816/Image/Group/QP@F`0_YBIM@@}YLW}J`K16.png:sh: 0_YBIM@@}YLW}J: 未找到命令
dd: 打开'/home/lau/文档/Tencent Files/429095816/Image/Group/QP@FK16.png' 失败: 没有那个文件或目录
WARNING:root:2018-01-11 17:59:57.257556:/home/lau/文档/Tencent\ Files/429095816/Image/Group/\(V210P$91\(YNK6}B}VJDNDO.png:dd: 打开'/home/lau/文档/Tencent Files/429095816/Image/Group/(V210P1(YNK6}B}VJDNDO.png' 失败: 没有那个文件或目录
WARNING:root:2018-01-11 17:59:57.260551:/home/lau/文档/Tencent\ Files/429095816/Image/Group/5JS%H0580Q$9WKDGU6`PWI4.png:
WARNING:root:2018-01-11 17:59:57.271146:/home/lau/文档/Tencent\ Files/429095816/Image/Group/NGBGSSW`8JYYAVBNSXJC0]6.png:
WARNING:root:2018-01-11 17:59:57.283270:/home/lau/文档/Tencent\ Files/429095816/Image/Group/OV4DO8]Y4$FEWDMWG~~Q18D.png:dd: 打开'/home/lau/文档/Tencent Files/429095816/Image/Group/OV4DO8]Y4~~Q18D.png' 失败: 没有那个文件或目录
WARNING:root:2018-01-11 17:59:57.289012:/home/lau/文档/Tencent\ Files/429095816/Image/Group/7%WZ9}TZ1OSUC9`Z~XP$]Y1.png:
WARNING:root:2018-01-11 17:59:57.290905:/home/lau/文档/Tencent\ Files/429095816/Image/Group/]\)DHCYI_70G}E`Y]FICJB$1.jpg:
WARNING:root:2018-01-11 17:59:57.296495:/home/lau/文档/Tencent\ Files/429095816/Image/Group/_F[GBX\)TGWJ4N}Q$IYM3ZKV.png:dd: 打开'/home/lau/文档/Tencent Files/429095816/Image/Group/_F[GBX)TGWJ4N}Q.png' 失败: 没有那个文件或目录
WARNING:root:2018-01-11 17:59:57.299899:/home/lau/文档/Tencent\ Files/429095816/Image/Group/I~S`H4LSQ1KV{H{IR}`%EXO.png:sh: H4LSQ1KV{H{IR}: 未找到命令
dd: 打开'/home/lau/文档/Tencent Files/429095816/Image/Group/I~S%EXO.png' 失败: 没有那个文件或目录
WARNING:root:2018-01-11 17:59:57.301901:/home/lau/文档/Tencent\ Files/429095816/Image/Group/B`~SK[ZUY}ZL_BI5WTZSM70.gif:
WARNING:root:2018-01-11 17:59:57.304434:/home/lau/文档/Tencent\ Files/429095816/Image/Group/D_XGJ65L$@]K[4OMIGAV68T.jpg:dd: 打开'/home/lau/文档/Tencent Files/429095816/Image/Group/D_XGJ65L]K[4OMIGAV68T.jpg' 失败: 没有那个文件或目录
WARNING:root:2018-01-11 17:59:57.312864:/home/lau/文档/Tencent\ Files/429095816/Image/Group/1YPT}RH84T7X@8DTV0JT`73.png:
WARNING:root:2018-01-11 17:59:57.314691:/home/lau/文档/Tencent\ Files/429095816/Image/Group/88GTMBX3EUESLE4R`]TIPNU.png:
WARNING:root:2018-01-11 17:59:57.316568:/home/lau/文档/Tencent\ Files/429095816/Image/Group/\)VRI~SX64AA{IO`YART\(Z54.png:
WARNING:root:2018-01-11 17:59:57.318466:/home/lau/文档/Tencent\ Files/429095816/Image/Group/~TMH7Q\)A6L\)DO`\(T65]GX6O.jpg:
WARNING:root:2018-01-11 17:59:57.320301:/home/lau/文档/Tencent\ Files/429095816/Image/Group/U\)R6VH`DVB6HG}79IBT\)Y$B.png:
WARNING:root:2018-01-11 17:59:57.329787:/home/lau/文档/Tencent\ Files/429095816/Image/Group/OVGK5`K32`}O%W36501LTPX.jpg:sh: K32: 未找到命令
dd: 打开'/home/lau/文档/Tencent Files/429095816/Image/Group/OVGK5}O%W36501LTPX.jpg' 失败: 没有那个文件或目录
WARNING:root:2018-01-11 17:59:57.331809:/home/lau/文档/Tencent\ Files/429095816/Image/Group/PGW~Z~O5KAP3Y`W3ZGCLR}C.png:
WARNING:root:2018-01-11 17:59:57.345201:/home/lau/文档/Tencent\ Files/429095816/Image/Group/`\(\(X~A[UC87@B\)}QO%5UA`7.jpg:sh: ((X~A[UC87@B)}QO%5UA: 未找到命令
dd: 打开'/home/lau/文档/Tencent Files/429095816/Image/Group/7.jpg' 失败: 没有那个文件或目录
WARNING:root:2018-01-11 17:59:57.348907:/home/lau/文档/Tencent\ Files/429095816/Image/Group/XT$_TJ}H0J\(R8V607ZMJBFI.png:dd: 打开'/home/lau/文档/Tencent Files/429095816/Image/Group/XT}H0J(R8V607ZMJBFI.png' 失败: 没有那个文件或目录
WARNING:root:2018-01-11 17:59:57.352106:/home/lau/文档/Tencent\ Files/429095816/Image/Group/Q1KVQNC2D071%9ZJS5T`$S8.jpg:
WARNING:root:2018-01-11 17:59:57.358772:/home/lau/文档/Tencent\ Files/429095816/Image/Group/LL5S`W@A07R9]Z6VC~2VSOU.png:
WARNING:root:2018-01-11 17:59:57.362329:/home/lau/文档/Tencent\ Files/429095816/Image/Group/~SFTN0_FM@WQDR\(MFM`6\(@M.jpg:
WARNING:root:2018-01-11 18:00:14.066967:/home/lau/.vscode/extensions/PeterJausovec.vscode-docker-0.0.23/node_modules/ajv/lib/$data.js:dd: 打开'/home/lau/.vscode/extensions/PeterJausovec.vscode-docker-0.0.23/node_modules/ajv/lib/.js' 失败: 没有那个文件或目录
WARNING:root:2018-01-11 18:00:14.260201:/home/lau/.vscode/extensions/PeterJausovec.vscode-docker-0.0.23/node_modules/ajv/lib/refs/$data.json:dd: 打开'/home/lau/.vscode/extensions/PeterJausovec.vscode-docker-0.0.23/node_modules/ajv/lib/refs/.json' 失败: 没有那个文件或目录
WARNING:root:2018-01-11 18:01:02.111849:/home/lau/.vscode/extensions/lukehoban.go-0.6.73/node_modules/ajv/lib/$data.js:dd: 打开'/home/lau/.vscode/extensions/lukehoban.go-0.6.73/node_modules/ajv/lib/.js' 失败: 没有那个文件或目录
WARNING:root:2018-01-11 18:01:02.300777:/home/lau/.vscode/extensions/lukehoban.go-0.6.73/node_modules/ajv/lib/refs/$data.json:dd: 打开'/home/lau/.vscode/extensions/lukehoban.go-0.6.73/node_modules/ajv/lib/refs/.json' 失败: 没有那个文件或目录
WARNING:root:2018-01-11 18:01:26.901834:/home/lau/.vscode/extensions/lukehoban.go-0.6.71/node_modules/ajv/lib/$data.js:dd: 打开'/home/lau/.vscode/extensions/lukehoban.go-0.6.71/node_modules/ajv/lib/.js' 失败: 没有那个文件或目录
WARNING:root:2018-01-11 18:01:27.176305:/home/lau/.vscode/extensions/lukehoban.go-0.6.71/node_modules/ajv/lib/refs/$data.json:dd: 打开'/home/lau/.vscode/extensions/lukehoban.go-0.6.71/node_modules/ajv/lib/refs/.json' 失败: 没有那个文件或目录
WARNING:root:2018-01-11 18:01:33.935999:/home/lau/.vscode/extensions/felixfbecker.php-intellisense-2.2.4/vendor/composer/composer/doc/faqs/why-can't-composer-load-repositories-recursively.md:
WARNING:root:2018-01-11 18:01:34.007608:/home/lau/.vscode/extensions/felixfbecker.php-intellisense-2.2.4/vendor/composer/composer/doc/fixtures/repo-composer-with-providers/p/provider-active$1893a061e579543822389ecd12d791c612db0c05e22d90e9286e233cacd86ed8.json:dd: 打开'/home/lau/.vscode/extensions/felixfbecker.php-intellisense-2.2.4/vendor/composer/composer/doc/fixtures/repo-composer-with-providers/p/provider-active893a061e579543822389ecd12d791c612db0c05e22d90e9286e233cacd86ed8.json' 失败: 没有那个文件或目录
WARNING:root:2018-01-11 18:01:34.011525:/home/lau/.vscode/extensions/felixfbecker.php-intellisense-2.2.4/vendor/composer/composer/doc/fixtures/repo-composer-with-providers/p/bar/baz$923363b3c22e73abb2e3fd891c8156dd4d0821a97fd3e428bc910833e3e46dbe.json:dd: 打开'/home/lau/.vscode/extensions/felixfbecker.php-intellisense-2.2.4/vendor/composer/composer/doc/fixtures/repo-composer-with-providers/p/bar/baz23363b3c22e73abb2e3fd891c8156dd4d0821a97fd3e428bc910833e3e46dbe.json' 失败: 没有那个文件或目录
WARNING:root:2018-01-11 18:01:34.015538:/home/lau/.vscode/extensions/felixfbecker.php-intellisense-2.2.4/vendor/composer/composer/doc/fixtures/repo-composer-with-providers/p/gar/nix$5d210670cb46c8364c8e3fb449967b9bea558b971e5b082f330ae4f1d484c321.json:dd: 打开'/home/lau/.vscode/extensions/felixfbecker.php-intellisense-2.2.4/vendor/composer/composer/doc/fixtures/repo-composer-with-providers/p/gar/nixd210670cb46c8364c8e3fb449967b9bea558b971e5b082f330ae4f1d484c321.json' 失败: 没有那个文件或目录
WARNING:root:2018-01-11 18:01:34.019753:/home/lau/.vscode/extensions/felixfbecker.php-intellisense-2.2.4/vendor/composer/composer/doc/fixtures/repo-composer-with-providers/p/foo/bar$4baabb3303afa3e34a4d3af18fb138e5f3b79029c1f8d9ab5b477ea15776ba0a.json:dd: 打开'/home/lau/.vscode/extensions/felixfbecker.php-intellisense-2.2.4/vendor/composer/composer/doc/fixtures/repo-composer-with-providers/p/foo/barbaabb3303afa3e34a4d3af18fb138e5f3b79029c1f8d9ab5b477ea15776ba0a.json' 失败: 没有那个文件或目录
WARNING:root:2018-01-11 18:01:34.024357:/home/lau/.vscode/extensions/felixfbecker.php-intellisense-2.2.4/vendor/composer/composer/doc/fixtures/repo-composer-with-providers/p/qux/quux$c142d1a07ca354be46b613f59f1d601923a5a00ccc5fcce50a77ecdd461eb72d.json:dd: 打开'/home/lau/.vscode/extensions/felixfbecker.php-intellisense-2.2.4/vendor/composer/composer/doc/fixtures/repo-composer-with-providers/p/qux/quux.json' 失败: 没有那个文件或目录
WARNING:root:2018-01-11 18:01:47.595409:/home/lau/.vscode/extensions/felixfbecker.php-intellisense-2.2.5/vendor/composer/composer/doc/faqs/why-can't-composer-load-repositories-recursively.md:
WARNING:root:2018-01-11 18:01:47.670773:/home/lau/.vscode/extensions/felixfbecker.php-intellisense-2.2.5/vendor/composer/composer/doc/fixtures/repo-composer-with-providers/p/provider-active$1893a061e579543822389ecd12d791c612db0c05e22d90e9286e233cacd86ed8.json:dd: 打开'/home/lau/.vscode/extensions/felixfbecker.php-intellisense-2.2.5/vendor/composer/composer/doc/fixtures/repo-composer-with-providers/p/provider-active893a061e579543822389ecd12d791c612db0c05e22d90e9286e233cacd86ed8.json' 失败: 没有那个文件或目录
WARNING:root:2018-01-11 18:01:47.673232:/home/lau/.vscode/extensions/felixfbecker.php-intellisense-2.2.5/vendor/composer/composer/doc/fixtures/repo-composer-with-providers/p/bar/baz$923363b3c22e73abb2e3fd891c8156dd4d0821a97fd3e428bc910833e3e46dbe.json:dd: 打开'/home/lau/.vscode/extensions/felixfbecker.php-intellisense-2.2.5/vendor/composer/composer/doc/fixtures/repo-composer-with-providers/p/bar/baz23363b3c22e73abb2e3fd891c8156dd4d0821a97fd3e428bc910833e3e46dbe.json' 失败: 没有那个文件或目录
WARNING:root:2018-01-11 18:01:47.676203:/home/lau/.vscode/extensions/felixfbecker.php-intellisense-2.2.5/vendor/composer/composer/doc/fixtures/repo-composer-with-providers/p/gar/nix$5d210670cb46c8364c8e3fb449967b9bea558b971e5b082f330ae4f1d484c321.json:dd: 打开'/home/lau/.vscode/extensions/felixfbecker.php-intellisense-2.2.5/vendor/composer/composer/doc/fixtures/repo-composer-with-providers/p/gar/nixd210670cb46c8364c8e3fb449967b9bea558b971e5b082f330ae4f1d484c321.json' 失败: 没有那个文件或目录
WARNING:root:2018-01-11 18:01:47.679172:/home/lau/.vscode/extensions/felixfbecker.php-intellisense-2.2.5/vendor/composer/composer/doc/fixtures/repo-composer-with-providers/p/foo/bar$4baabb3303afa3e34a4d3af18fb138e5f3b79029c1f8d9ab5b477ea15776ba0a.json:dd: 打开'/home/lau/.vscode/extensions/felixfbecker.php-intellisense-2.2.5/vendor/composer/composer/doc/fixtures/repo-composer-with-providers/p/foo/barbaabb3303afa3e34a4d3af18fb138e5f3b79029c1f8d9ab5b477ea15776ba0a.json' 失败: 没有那个文件或目录
WARNING:root:2018-01-11 18:01:47.681856:/home/lau/.vscode/extensions/felixfbecker.php-intellisense-2.2.5/vendor/composer/composer/doc/fixtures/repo-composer-with-providers/p/qux/quux$c142d1a07ca354be46b613f59f1d601923a5a00ccc5fcce50a77ecdd461eb72d.json:dd: 打开'/home/lau/.vscode/extensions/felixfbecker.php-intellisense-2.2.5/vendor/composer/composer/doc/fixtures/repo-composer-with-providers/p/qux/quux.json' 失败: 没有那个文件或目录
WARNING:root:2018-01-11 18:04:49.841756:/home/lau/.cxoffice/apps.com.qq.im/drive_c/users/crossover/Temp/5MS0O`HSAZUKX3VHFN8M_GV.fixed:
WARNING:root:2018-01-11 18:04:50.364700:/home/lau/.cxoffice/apps.com.qq.im/drive_c/users/crossover/Temp/0RCT3Y_IOUNT2`\)27FJ9U`R.xml:sh: )27FJ9U: 未找到命令
dd: 打开'/home/lau/.cxoffice/apps.com.qq.im/drive_c/users/crossover/Temp/0RCT3Y_IOUNT2R.xml' 失败: 没有那个文件或目录
WARNING:root:2018-01-11 18:04:50.462211:/home/lau/.cxoffice/apps.com.qq.im/drive_c/users/crossover/Temp/[CL\)`SQA\){{K9~C1IXSG0F0.gif:
WARNING:root:2018-01-11 18:04:50.718899:/home/lau/.cxoffice/apps.com.qq.im/drive_c/users/crossover/Temp/$QK]QZ%`TAA$FF%FGIRY5AA.xml:
WARNING:root:2018-01-11 18:04:50.996165:/home/lau/.cxoffice/apps.com.qq.im/drive_c/users/crossover/Temp/W[Y}U_MM}@`IGLRX5L53I\(V.xml:
WARNING:root:2018-01-11 18:04:51.082611:/home/lau/.cxoffice/apps.com.qq.im/drive_c/users/crossover/Temp/CMV$~D\(X}Y$}`FOW7MO~08C.png:
WARNING:root:2018-01-11 18:04:51.336963:/home/lau/.cxoffice/apps.com.qq.im/drive_c/users/crossover/Temp/B\)AF\)TEVITN[%52E}H~K[`C.xml:
WARNING:root:2018-01-11 18:04:52.079595:/home/lau/.cxoffice/apps.com.qq.im/drive_c/users/crossover/Temp/J]$4NYHN{YD5YT2XEOQUQND.xml:dd: 打开'/home/lau/.cxoffice/apps.com.qq.im/drive_c/users/crossover/Temp/J]NYHN{YD5YT2XEOQUQND.xml' 失败: 没有那个文件或目录
WARNING:root:2018-01-11 18:04:52.533643:/home/lau/.cxoffice/apps.com.qq.im/drive_c/users/crossover/Temp/G1ORK3\)]CSUD\)$U9[TG`96N.xml:
WARNING:root:2018-01-11 18:04:53.362476:/home/lau/.cxoffice/apps.com.qq.im/drive_c/users/crossover/Temp/53`NWNEK$S{2J_KYY37R${M.png:
WARNING:root:2018-01-11 18:04:54.158421:/home/lau/.cxoffice/apps.com.qq.im/drive_c/users/crossover/Temp/H%Q~S49$DD`%{FMT}4@]\(RP.xml:
WARNING:root:2018-01-11 18:04:54.630011:/home/lau/.cxoffice/apps.com.qq.im/drive_c/users/crossover/Temp/%W@GJ$ACOF\(TYDYECOKVDYB.png:dd: 打开'/home/lau/.cxoffice/apps.com.qq.im/drive_c/users/crossover/Temp/%W@GJ(TYDYECOKVDYB.png' 失败: 没有那个文件或目录
WARNING:root:2018-01-11 18:04:55.202853:/home/lau/.cxoffice/apps.com.qq.im/drive_c/users/crossover/Temp/F3V1W$148JK_Q`}8{0U72\)V.jpg:
WARNING:root:2018-01-11 18:04:55.271315:/home/lau/.cxoffice/apps.com.qq.im/drive_c/users/crossover/Temp/82%}9L34J9$IH2[[NXF`P0J.png:
WARNING:root:2018-01-11 18:04:55.689141:/home/lau/.cxoffice/apps.com.qq.im/drive_c/users/crossover/Temp/]1P0AT_7`@3}Q\(U75G598KJ.fixed:
WARNING:root:2018-01-11 18:04:57.167407:/home/lau/.cxoffice/apps.com.qq.im/drive_c/users/crossover/Application\ Data/Tencent/QQ/QQAntiPhishing/tsconfig.dat:dd: 打开'/home/lau/.cxoffice/apps.com.qq.im/drive_c/users/crossover/Application Data/Tencent/QQ/QQAntiPhishing/tsconfig.dat' 失败: 没有那个文件或目录
WARNING:root:2018-01-11 18:05:04.642419:/home/lau/.cxoffice/apps.com.qq.im/drive_c/users/crossover/Application\ Data/Tencent/QQ/Temp/%W@GJ$ACOF\(TYDYECOKVDYB.png:dd: 打开'/home/lau/.cxoffice/apps.com.qq.im/drive_c/users/crossover/Application Data/Tencent/QQ/Temp/%W@GJ(TYDYECOKVDYB.png' 失败: 没有那个文件或目录
WARNING:root:2018-01-11 18:05:04.698522:/home/lau/.cxoffice/apps.com.qq.im/drive_c/users/crossover/Application\ Data/Tencent/QQ/Temp/Mso/O_AF{PJAA[UELI$MA~@Z]D1.png:dd: 打开'/home/lau/.cxoffice/apps.com.qq.im/drive_c/users/crossover/Application Data/Tencent/QQ/Temp/Mso/O_AF{PJAA[UELI~@Z]D1.png' 失败: 没有那个文件或目录
WARNING:root:2018-01-11 18:05:04.705396:/home/lau/.cxoffice/apps.com.qq.im/drive_c/users/crossover/Application\ Data/Tencent/QQ/Temp/Mso/291ON\)R}3OY4LHCCC_$7X]J.png:dd: 打开'/home/lau/.cxoffice/apps.com.qq.im/drive_c/users/crossover/Application Data/Tencent/QQ/Temp/Mso/291ON)R}3OY4LHCCC_X]J.png' 失败: 没有那个文件或目录
WARNING:root:2018-01-11 18:05:04.709033:/home/lau/.cxoffice/apps.com.qq.im/drive_c/users/crossover/Application\ Data/Tencent/QQ/Temp/Mso/\)OV34`SCP{7~WR1}\(2\(D_ST.png:
WARNING:root:2018-01-11 18:05:04.729384:/home/lau/.cxoffice/apps.com.qq.im/drive_c/users/crossover/Application\ Data/Tencent/QQ/Temp/installImage/$6QN\)FR3VZ1Y]2~XIX4_9JK:dd: 打开'/home/lau/.cxoffice/apps.com.qq.im/drive_c/users/crossover/Application Data/Tencent/QQ/Temp/installImage/QN)FR3VZ1Y]2~XIX4_9JK' 失败: 没有那个文件或目录
WARNING:root:2018-01-11 18:05:04.743140:/home/lau/.cxoffice/apps.com.qq.im/drive_c/users/crossover/Application\ Data/Tencent/QQ/Temp/installImage/_$BIM[C[FHFA{6IAW$\(4GLE:dd: 打开'/home/lau/.cxoffice/apps.com.qq.im/drive_c/users/crossover/Application Data/Tencent/QQ/Temp/installImage/_[C[FHFA{6IAW$(4GLE' 失败: 没有那个文件或目录
WARNING:root:2018-01-11 18:05:04.748175:/home/lau/.cxoffice/apps.com.qq.im/drive_c/users/crossover/Application\ Data/Tencent/QQ/Temp/installImage/FH{6_NXAL]@MPG$2I[U0E\)8:dd: 打开'/home/lau/.cxoffice/apps.com.qq.im/drive_c/users/crossover/Application Data/Tencent/QQ/Temp/installImage/FH{6_NXAL]@MPGI[U0E)8' 失败: 没有那个文件或目录
WARNING:root:2018-01-11 18:05:04.751085:/home/lau/.cxoffice/apps.com.qq.im/drive_c/users/crossover/Application\ Data/Tencent/QQ/Temp/installImage/5H\(M63CBTBYR`R8Z[6QH7X4:
WARNING:root:2018-01-11 18:05:04.758765:/home/lau/.cxoffice/apps.com.qq.im/drive_c/users/crossover/Application\ Data/Tencent/QQ/Temp/installImage/F3GK0BQ_8EWPLZ@0ZXF`PGB:
WARNING:root:2018-01-11 18:05:04.776007:/home/lau/.cxoffice/apps.com.qq.im/drive_c/users/crossover/Application\ Data/Tencent/QQ/Temp/gmm/~~$5P1VXYXH3XVT`~}Y\)]CJ.bmp:
WARNING:root:2018-01-11 18:05:04.783719:/home/lau/.cxoffice/apps.com.qq.im/drive_c/users/crossover/Application\ Data/Tencent/QQ/Temp/gmm/$7U9D9EX%6W3C~NAWCZ@VZN.bmp:dd: 打开'/home/lau/.cxoffice/apps.com.qq.im/drive_c/users/crossover/Application Data/Tencent/QQ/Temp/gmm/U9D9EX%6W3C~NAWCZ@VZN.bmp' 失败: 没有那个文件或目录
WARNING:root:2018-01-11 18:05:04.786242:/home/lau/.cxoffice/apps.com.qq.im/drive_c/users/crossover/Application\ Data/Tencent/QQ/Temp/gmm/D`M44HNMXFCRAMYMIO8MVFT.jpg:
WARNING:root:2018-01-11 18:05:04.816040:/home/lau/.cxoffice/apps.com.qq.im/drive_c/users/crossover/Application\ Data/Tencent/QQ/Temp/gmm/T5S8CLIRB`%@~QF3C2H8IHW.bmp:
WARNING:root:2018-01-11 18:05:04.844691:/home/lau/.cxoffice/apps.com.qq.im/drive_c/users/crossover/Application\ Data/Tencent/QQ/Temp/gmm/\)K]Z0C5@8F6US$E9@YB6$@M.bmp:dd: 打开'/home/lau/.cxoffice/apps.com.qq.im/drive_c/users/crossover/Application Data/Tencent/QQ/Temp/gmm/)K]Z0C5@8F6US@YB6M.bmp' 失败: 没有那个文件或目录
WARNING:root:2018-01-11 18:05:04.848164:/home/lau/.cxoffice/apps.com.qq.im/drive_c/users/crossover/Application\ Data/Tencent/QQ/Temp/gmm/O70JY60LN]OHLA]H\)NZSE$J.bmp:dd: 打开'/home/lau/.cxoffice/apps.com.qq.im/drive_c/users/crossover/Application Data/Tencent/QQ/Temp/gmm/O70JY60LN]OHLA]H)NZSE.bmp' 失败: 没有那个文件或目录
WARNING:root:2018-01-11 18:05:04.854822:/home/lau/.cxoffice/apps.com.qq.im/drive_c/users/crossover/Application\ Data/Tencent/QQ/Temp/gmm/4O13@HX`6W{NBC99I][AJ07.bmp:
WARNING:root:2018-01-11 18:05:04.868523:/home/lau/.cxoffice/apps.com.qq.im/drive_c/users/crossover/Application\ Data/Tencent/QQ/Temp/gmm/B~P3O2HK6S_TZD3HG`\(B}@9.jpg:
WARNING:root:2018-01-11 18:05:04.874381:/home/lau/.cxoffice/apps.com.qq.im/drive_c/users/crossover/Application\ Data/Tencent/QQ/AuTemp/MM%2I]{W4[D%85~$6G3{4\(H/AUStat.ini:dd: 打开'/home/lau/.cxoffice/apps.com.qq.im/drive_c/users/crossover/Application Data/Tencent/QQ/AuTemp/MM%2I]{W4[D%85~G3{4(H/AUStat.ini' 失败: 没有那个文件或目录
WARNING:root:2018-01-11 18:05:06.130232:/home/lau/.cxoffice/apps.com.qq.im/drive_c/users/crossover/Application\ Data/Tencent/Users/429095816/QQ/WinTemp/IRY11OD]\)}JHO`\)N}67NR1R.tmp:
WARNING:root:2018-01-11 18:05:06.134964:/home/lau/.cxoffice/apps.com.qq.im/drive_c/users/crossover/Application\ Data/Tencent/Users/429095816/QQ/WinTemp/BG0%`J4{0@Y\(KL_PIUSLG4T.tmp:
WARNING:root:2018-01-11 18:05:06.140843:/home/lau/.cxoffice/apps.com.qq.im/drive_c/users/crossover/Application\ Data/Tencent/Users/429095816/QQ/WinTemp/1KM$ZQH446N_\(6HV\(Y74}GA.tmp:dd: 打开'/home/lau/.cxoffice/apps.com.qq.im/drive_c/users/crossover/Application Data/Tencent/Users/429095816/QQ/WinTemp/1KM(6HV(Y74}GA.tmp' 失败: 没有那个文件或目录
WARNING:root:2018-01-11 18:05:06.147240:/home/lau/.cxoffice/apps.com.qq.im/drive_c/users/crossover/Application\ Data/Tencent/Users/429095816/QQ/WinTemp/]$@}_HYEBJ2TPY$NQ93X{4V.tmp:dd: 打开'/home/lau/.cxoffice/apps.com.qq.im/drive_c/users/crossover/Application Data/Tencent/Users/429095816/QQ/WinTemp/]}_HYEBJ2TPY{4V.tmp' 失败: 没有那个文件或目录
WARNING:root:2018-01-11 18:05:06.154297:/home/lau/.cxoffice/apps.com.qq.im/drive_c/users/crossover/Application\ Data/Tencent/Users/429095816/QQ/WinTemp/S~H\(W]HX\)Q0$L3\)I`%`H[NK.tmp:sh: 第 0 行: fg: 无任务控制
dd: 打开'/home/lau/.cxoffice/apps.com.qq.im/drive_c/users/crossover/Application Data/Tencent/Users/429095816/QQ/WinTemp/S~H(W]HX)Q0)IH[NK.tmp' 失败: 没有那个文件或目录
WARNING:root:2018-01-11 18:05:06.162555:/home/lau/.cxoffice/apps.com.qq.im/drive_c/users/crossover/Application\ Data/Tencent/Users/429095816/QQ/WinTemp/9DWVVA~B`\)~~$7\)]V~_6J`M.tmp:sh: )~~)]V~_6J: 未找到命令
dd: 打开'/home/lau/.cxoffice/apps.com.qq.im/drive_c/users/crossover/Application Data/Tencent/Users/429095816/QQ/WinTemp/9DWVVA~BM.tmp' 失败: 没有那个文件或目录
WARNING:root:2018-01-11 18:05:06.169112:/home/lau/.cxoffice/apps.com.qq.im/drive_c/users/crossover/Application\ Data/Tencent/Users/429095816/QQ/WinTemp/$V05[AR{U1NF1QK8D_{QZ\)Q.tmp:dd: 打开'/home/lau/.cxoffice/apps.com.qq.im/drive_c/users/crossover/Application Data/Tencent/Users/429095816/QQ/WinTemp/[AR{U1NF1QK8D_{QZ)Q.tmp' 失败: 没有那个文件或目录
WARNING:root:2018-01-11 18:05:06.180970:/home/lau/.cxoffice/apps.com.qq.im/drive_c/users/crossover/Application\ Data/Tencent/Users/429095816/QQ/WinTemp/BP8O`0FFTK50YY9P9\)44\)FX.tmp:
WARNING:root:2018-01-11 18:05:06.189618:/home/lau/.cxoffice/apps.com.qq.im/drive_c/users/crossover/Application\ Data/Tencent/Users/429095816/QQ/WinTemp/PDYFIEKTH14$4D1`__SST{5.tmp:
WARNING:root:2018-01-11 18:05:06.193327:/home/lau/.cxoffice/apps.com.qq.im/drive_c/users/crossover/Application\ Data/Tencent/Users/429095816/QQ/WinTemp/4@[FFCKC\(VJ`NLK59I0V$XR.tmp:
WARNING:root:2018-01-11 18:05:06.199465:/home/lau/.cxoffice/apps.com.qq.im/drive_c/users/crossover/Application\ Data/Tencent/Users/429095816/QQ/WinTemp/ZE@P{RMM$D~M$N%WCCN5\(LT.tmp:dd: 打开'/home/lau/.cxoffice/apps.com.qq.im/drive_c/users/crossover/Application Data/Tencent/Users/429095816/QQ/WinTemp/ZE@P{RMM~M%WCCN5(LT.tmp' 失败: 没有那个文件或目录
WARNING:root:2018-01-11 18:05:06.210249:/home/lau/.cxoffice/apps.com.qq.im/drive_c/users/crossover/Application\ Data/Tencent/Users/429095816/QQ/WinTemp/]XZO_B45T$FD3W76KM%T3~K.tmp:dd: 打开'/home/lau/.cxoffice/apps.com.qq.im/drive_c/users/crossover/Application Data/Tencent/Users/429095816/QQ/WinTemp/]XZO_B45T%T3~K.tmp' 失败: 没有那个文件或目录
WARNING:root:2018-01-11 18:05:06.222935:/home/lau/.cxoffice/apps.com.qq.im/drive_c/users/crossover/Application\ Data/Tencent/Users/429095816/QQ/WinTemp/K_]`_[~ULFM6T2XC4`I\)BD8.tmp:sh: command substitution: 行 0: 寻找匹配的 `]' 是遇到了未预期的文件结束符
sh: command substitution: 行 1: 语法错误: 未预期的文件结尾
dd: 打开'/home/lau/.cxoffice/apps.com.qq.im/drive_c/users/crossover/Application Data/Tencent/Users/429095816/QQ/WinTemp/K_]I)BD8.tmp' 失败: 没有那个文件或目录
WARNING:root:2018-01-11 18:05:06.227208:/home/lau/.cxoffice/apps.com.qq.im/drive_c/users/crossover/Application\ Data/Tencent/Users/429095816/QQ/WinTemp/`L1JGGKS``{0}YE2FZ2@E\)A.tmp:
WARNING:root:2018-01-11 18:05:06.231901:/home/lau/.cxoffice/apps.com.qq.im/drive_c/users/crossover/Application\ Data/Tencent/Users/429095816/QQ/WinTemp/T{%RHWUM%EZW$4`Y4@5V0IQ.tmp:
WARNING:root:2018-01-11 18:05:06.247235:/home/lau/.cxoffice/apps.com.qq.im/drive_c/users/crossover/Application\ Data/Tencent/Users/429095816/QQ/WinTemp/6ZWZ\)D[Z\)K\)ZUMGD@XT`\)FA.tmp:
WARNING:root:2018-01-11 18:05:06.249391:/home/lau/.cxoffice/apps.com.qq.im/drive_c/users/crossover/Application\ Data/Tencent/Users/429095816/QQ/WinTemp/IW}6N7U7~`5]N5~K\(3_J1PU.tmp:
WARNING:root:2018-01-11 18:05:06.251507:/home/lau/.cxoffice/apps.com.qq.im/drive_c/users/crossover/Application\ Data/Tencent/Users/429095816/QQ/WinTemp/_6Z82SONAHIQUGNZT6HTR`T.tmp:
WARNING:root:2018-01-11 18:05:06.257659:/home/lau/.cxoffice/apps.com.qq.im/drive_c/users/crossover/Application\ Data/Tencent/Users/429095816/QQ/WinTemp/[MB2C5K3F711A3{5I$JY`DU.tmp:
WARNING:root:2018-01-11 18:05:06.260562:/home/lau/.cxoffice/apps.com.qq.im/drive_c/users/crossover/Application\ Data/Tencent/Users/429095816/QQ/WinTemp/US2}A$_0_D$3~$\)LVT@N[91.tmp:dd: 打开'/home/lau/.cxoffice/apps.com.qq.im/drive_c/users/crossover/Application Data/Tencent/Users/429095816/QQ/WinTemp/US2}A~$)LVT@N[91.tmp' 失败: 没有那个文件或目录
WARNING:root:2018-01-11 18:05:06.267151:/home/lau/.cxoffice/apps.com.qq.im/drive_c/users/crossover/Application\ Data/Tencent/Users/429095816/QQ/WinTemp/$F]2L0K{J8ZT5\(IGRH4H~]F.tmp:dd: 打开'/home/lau/.cxoffice/apps.com.qq.im/drive_c/users/crossover/Application Data/Tencent/Users/429095816/QQ/WinTemp/]2L0K{J8ZT5(IGRH4H~]F.tmp' 失败: 没有那个文件或目录
WARNING:root:2018-01-11 18:05:06.287051:/home/lau/.cxoffice/apps.com.qq.im/drive_c/users/crossover/Application\ Data/Tencent/Users/429095816/QQ/WinTemp/V0_V0M9$YAOX48_RH_9\)AB0.tmp:dd: 打开'/home/lau/.cxoffice/apps.com.qq.im/drive_c/users/crossover/Application Data/Tencent/Users/429095816/QQ/WinTemp/V0_V0M9)AB0.tmp' 失败: 没有那个文件或目录
WARNING:root:2018-01-11 18:05:06.295801:/home/lau/.cxoffice/apps.com.qq.im/drive_c/users/crossover/Application\ Data/Tencent/Users/429095816/QQ/WinTemp/NVG`IZ5H0\(2~FUL1}`O]~VU.tmp:sh: IZ5H0(2~FUL1}: 未找到命令
dd: 打开'/home/lau/.cxoffice/apps.com.qq.im/drive_c/users/crossover/Application Data/Tencent/Users/429095816/QQ/WinTemp/NVGO]~VU.tmp' 失败: 没有那个文件或目录
WARNING:root:2018-01-11 18:05:06.309704:/home/lau/.cxoffice/apps.com.qq.im/drive_c/users/crossover/Application\ Data/Tencent/Users/429095816/QQ/WinTemp/6N7QVAF2ER`KTT\)}XT7$L%0.tmp:
WARNING:root:2018-01-11 18:05:06.313218:/home/lau/.cxoffice/apps.com.qq.im/drive_c/users/crossover/Application\ Data/Tencent/Users/429095816/QQ/WinTemp/Y[D}OXSQ`L]`54}B4IA77]H.tmp:sh: L]: 未找到命令
dd: 打开'/home/lau/.cxoffice/apps.com.qq.im/drive_c/users/crossover/Application Data/Tencent/Users/429095816/QQ/WinTemp/Y[D}OXSQ54}B4IA77]H.tmp' 失败: 没有那个文件或目录
WARNING:root:2018-01-11 18:05:06.315591:/home/lau/.cxoffice/apps.com.qq.im/drive_c/users/crossover/Application\ Data/Tencent/Users/429095816/QQ/WinTemp/8LKQZ1`%]A%I[6B0[QNR]4B.tmp:
WARNING:root:2018-01-11 18:05:06.317824:/home/lau/.cxoffice/apps.com.qq.im/drive_c/users/crossover/Application\ Data/Tencent/Users/429095816/QQ/WinTemp/1]FHKQG6@Y6`JY[G2HNXA2J.tmp:
WARNING:root:2018-01-11 18:05:06.321885:/home/lau/.cxoffice/apps.com.qq.im/drive_c/users/crossover/Application\ Data/Tencent/Users/429095816/QQ/WinTemp/]NTB51%_4~9`0ZSRXNHQH`6.tmp:sh: 0ZSRXNHQH: 未找到命令
dd: 打开'/home/lau/.cxoffice/apps.com.qq.im/drive_c/users/crossover/Application Data/Tencent/Users/429095816/QQ/WinTemp/]NTB51%_4~96.tmp' 失败: 没有那个文件或目录
WARNING:root:2018-01-11 18:05:06.328902:/home/lau/.cxoffice/apps.com.qq.im/drive_c/users/crossover/Application\ Data/Tencent/Users/429095816/QQ/WinTemp/[5\(T6K[\)X~VT\)@Z\)`BAYN`Q.tmp:sh: BAYN: 未找到命令
dd: 打开'/home/lau/.cxoffice/apps.com.qq.im/drive_c/users/crossover/Application Data/Tencent/Users/429095816/QQ/WinTemp/[5(T6K[)X~VT)@Z)Q.tmp' 失败: 没有那个文件或目录
WARNING:root:2018-01-11 18:05:06.331650:/home/lau/.cxoffice/apps.com.qq.im/drive_c/users/crossover/Application\ Data/Tencent/Users/429095816/QQ/WinTemp/9`IDYZ8RD\(1Z3{48O@H\(\(\)G.tmp:
WARNING:root:2018-01-11 18:05:06.334439:/home/lau/.cxoffice/apps.com.qq.im/drive_c/users/crossover/Application\ Data/Tencent/Users/429095816/QQ/WinTemp/J_@]\)PP0~AHN$SP8WGVVKZV.tmp:dd: 打开'/home/lau/.cxoffice/apps.com.qq.im/drive_c/users/crossover/Application Data/Tencent/Users/429095816/QQ/WinTemp/J_@])PP0~AHN.tmp' 失败: 没有那个文件或目录
WARNING:root:2018-01-11 18:05:06.337276:/home/lau/.cxoffice/apps.com.qq.im/drive_c/users/crossover/Application\ Data/Tencent/Users/429095816/QQ/WinTemp/\)ROZ$0\(S%SCIDX_Q@TZ5M49.tmp:dd: 打开'/home/lau/.cxoffice/apps.com.qq.im/drive_c/users/crossover/Application Data/Tencent/Users/429095816/QQ/WinTemp/)ROZsh(S%SCIDX_Q@TZ5M49.tmp' 失败: 没有那个文件或目录
WARNING:root:2018-01-11 18:05:06.343697:/home/lau/.cxoffice/apps.com.qq.im/drive_c/users/crossover/Application\ Data/Tencent/Users/429095816/QQ/WinTemp/5D6SP6[6BS90$AR{YJFF_10.tmp:dd: 打开'/home/lau/.cxoffice/apps.com.qq.im/drive_c/users/crossover/Application Data/Tencent/Users/429095816/QQ/WinTemp/5D6SP6[6BS90{YJFF_10.tmp' 失败: 没有那个文件或目录
WARNING:root:2018-01-11 18:05:06.346441:/home/lau/.cxoffice/apps.com.qq.im/drive_c/users/crossover/Application\ Data/Tencent/Users/429095816/QQ/WinTemp/9R[_6_~C36S\(40$05FJ9\)6V.tmp:dd: 打开'/home/lau/.cxoffice/apps.com.qq.im/drive_c/users/crossover/Application Data/Tencent/Users/429095816/QQ/WinTemp/9R[_6_~C36S(40sh5FJ9)6V.tmp' 失败: 没有那个文件或目录
WARNING:root:2018-01-11 18:05:07.155615:/home/lau/.cxoffice/apps.com.qq.im/dosdevices/d::dd: 打开'/home/lau/.cxoffice/apps.com.qq.im/dosdevices/d:' 失败: 没有那个文件或目录
WARNING:root:2018-01-11 18:05:07.161009:/home/lau/.cxoffice/apps.com.qq.im/dosdevices/h:::dd: 打开'/home/lau/.cxoffice/apps.com.qq.im/dosdevices/h::' 失败: 没有那个文件或目录
WARNING:root:2018-01-11 18:05:07.166743:/home/lau/.cxoffice/apps.com.qq.im/dosdevices/g:::dd: 打开'/home/lau/.cxoffice/apps.com.qq.im/dosdevices/g::' 失败: 没有那个文件或目录
WARNING:root:2018-01-11 18:05:07.172505:/home/lau/.cxoffice/apps.com.qq.im/dosdevices/e:::dd: 打开'/home/lau/.cxoffice/apps.com.qq.im/dosdevices/e::' 失败: 权限不够
WARNING:root:2018-01-11 18:05:07.178484:/home/lau/.cxoffice/apps.com.qq.im/dosdevices/h::dd: 打开'/home/lau/.cxoffice/apps.com.qq.im/dosdevices/h:' 失败: 没有那个文件或目录
WARNING:root:2018-01-11 18:05:07.184418:/home/lau/.cxoffice/apps.com.qq.im/dosdevices/f:::dd: 打开'/home/lau/.cxoffice/apps.com.qq.im/dosdevices/f::' 失败: 没有那个文件或目录
WARNING:root:2018-01-11 18:05:07.190220:/home/lau/.cxoffice/apps.com.qq.im/dosdevices/d:::dd: 打开'/home/lau/.cxoffice/apps.com.qq.im/dosdevices/d::' 失败: 权限不够
